[report.py:42 in function search_report located at /Users/sultaan/Documents/JustIT_Software_Bootcamp/Code/Python/4.Codebase/PythonFlimFlix/report.py] Invalid search 1 field name
[report.py:42 in function search_report located at /Users/sultaan/Documents/JustIT_Software_Bootcamp/Code/Python/4.Codebase/PythonFlimFlix/report.py] Invalid search 1 field name
[report.py:24 in function search_report located at /Users/sultaan/Documents/JustIT_Software_Bootcamp/Code/Python/4.Codebase/PythonFlimFlix/report.py] Found the record with FilmID 1 in film table
[report.py:21 in function search_report located at /Users/sultaan/Documents/JustIT_Software_Bootcamp/Code/Python/4.Codebase/PythonFlimFlix/report.py] OnWed Jul  3 14:13:04 2024 No FilmID 100 found in the film table!
[report.py:39 in function search_report located at /Users/sultaan/Documents/JustIT_Software_Bootcamp/Code/Python/4.Codebase/PythonFlimFlix/report.py] OnWed Jul  3 14:23:03 2024 returned records relating to Ted 2'! 
[report.py:39 in function search_report located at /Users/sultaan/Documents/JustIT_Software_Bootcamp/Code/Python/4.Codebase/PythonFlimFlix/report.py] OnWed Jul  3 14:26:03 2024 returned records relating to Ted 2'! 
[report.py:42 in function search_report located at /Users/sultaan/Documents/JustIT_Software_Bootcamp/Code/Python/4.Codebase/PythonFlimFlix/report.py] Invalid search 1234 field name
[report.py:37 in function search_report located at /Users/sultaan/Documents/JustIT_Software_Bootcamp/Code/Python/4.Codebase/PythonFlimFlix/report.py] On Wed Jul  3 14:39:39 2024 No Title matched the 'Ted 4'! 
[report.py:42 in function search_report located at /Users/sultaan/Documents/JustIT_Software_Bootcamp/Code/Python/4.Codebase/PythonFlimFlix/report.py] OnWed Jul  3 15:51:08 2024 returned records relating to 2016'! 
[report.py:42 in function search_report located at /Users/sultaan/Documents/JustIT_Software_Bootcamp/Code/Python/4.Codebase/PythonFlimFlix/report.py] OnWed Jul  3 15:51:08 2024 returned records relating to 2016'! 
[report.py:42 in function search_report located at /Users/sultaan/Documents/JustIT_Software_Bootcamp/Code/Python/4.Codebase/PythonFlimFlix/report.py] OnWed Jul  3 15:51:08 2024 returned records relating to 2016'! 
[report.py:42 in function search_report located at /Users/sultaan/Documents/JustIT_Software_Bootcamp/Code/Python/4.Codebase/PythonFlimFlix/report.py] OnWed Jul  3 15:51:08 2024 returned records relating to 2016'! 
[report.py:42 in function search_report located at /Users/sultaan/Documents/JustIT_Software_Bootcamp/Code/Python/4.Codebase/PythonFlimFlix/report.py] OnWed Jul  3 15:51:08 2024 returned records relating to 2016'! 
[report.py:42 in function search_report located at /Users/sultaan/Documents/JustIT_Software_Bootcamp/Code/Python/4.Codebase/PythonFlimFlix/report.py] OnWed Jul  3 15:51:08 2024 returned records relating to 2016'! 
[report.py:42 in function search_report located at /Users/sultaan/Documents/JustIT_Software_Bootcamp/Code/Python/4.Codebase/PythonFlimFlix/report.py] OnWed Jul  3 15:51:08 2024 returned records relating to 2016'! 
[report.py:42 in function search_report located at /Users/sultaan/Documents/JustIT_Software_Bootcamp/Code/Python/4.Codebase/PythonFlimFlix/report.py] OnWed Jul  3 15:51:08 2024 returned records relating to 2016'! 
[report.py:42 in function search_report located at /Users/sultaan/Documents/JustIT_Software_Bootcamp/Code/Python/4.Codebase/PythonFlimFlix/report.py] OnWed Jul  3 15:51:08 2024 returned records relating to 2016'! 
[report.py:42 in function search_report located at /Users/sultaan/Documents/JustIT_Software_Bootcamp/Code/Python/4.Codebase/PythonFlimFlix/report.py] OnWed Jul  3 15:51:08 2024 returned records relating to 2016'! 
[report.py:42 in function search_report located at /Users/sultaan/Documents/JustIT_Software_Bootcamp/Code/Python/4.Codebase/PythonFlimFlix/report.py] OnWed Jul  3 15:51:08 2024 returned records relating to 2016'! 
[report.py:42 in function search_report located at /Users/sultaan/Documents/JustIT_Software_Bootcamp/Code/Python/4.Codebase/PythonFlimFlix/report.py] OnWed Jul  3 15:51:08 2024 returned records relating to 2016'! 
[report.py:42 in function search_report located at /Users/sultaan/Documents/JustIT_Software_Bootcamp/Code/Python/4.Codebase/PythonFlimFlix/report.py] OnWed Jul  3 15:51:08 2024 returned records relating to 2016'! 
[report.py:42 in function search_report located at /Users/sultaan/Documents/JustIT_Software_Bootcamp/Code/Python/4.Codebase/PythonFlimFlix/report.py] OnWed Jul  3 15:51:08 2024 returned records relating to 2016'! 
[report.py:42 in function search_report located at /Users/sultaan/Documents/JustIT_Software_Bootcamp/Code/Python/4.Codebase/PythonFlimFlix/report.py] OnWed Jul  3 15:51:08 2024 returned records relating to 2016'! 
[report.py:42 in function search_report located at /Users/sultaan/Documents/JustIT_Software_Bootcamp/Code/Python/4.Codebase/PythonFlimFlix/report.py] OnWed Jul  3 15:51:08 2024 returned records relating to 2016'! 
[report.py:42 in function search_report located at /Users/sultaan/Documents/JustIT_Software_Bootcamp/Code/Python/4.Codebase/PythonFlimFlix/report.py] OnWed Jul  3 15:51:08 2024 returned records relating to 2016'! 
